\BOOKMARK [0][-]{chapter*.1}{\376\377\000A\000P\000P\000R\000O\000V\000A\000L}{}% 1
\BOOKMARK [0][-]{chapter*.2}{\376\377\000S\000E\000L\000F\000\040\000D\000E\000C\000L\000A\000R\000A\000T\000I\000O\000N\000\040\000A\000G\000A\000I\000N\000S\000T\000\040\000P\000L\000A\000G\000I\000A\000R\000I\000S\000M}{}% 2
\BOOKMARK [0][-]{chapter*.3}{\376\377\000A\000B\000S\000T\000R\000A\000C\000T}{}% 3
\BOOKMARK [0][-]{chapter*.4}{\376\377\000A\000B\000S\000T\000R\000A\000K}{}% 4
\BOOKMARK [0][-]{chapter*.5}{\376\377\000D\000E\000D\000I\000C\000A\000T\000I\000O\000N}{}% 5
\BOOKMARK [0][-]{chapter*.6}{\376\377\000A\000C\000K\000N\000O\000W\000L\000E\000D\000G\000M\000E\000N\000T\000S}{}% 6
\BOOKMARK [0][-]{chapter*.7}{\376\377\000P\000R\000E\000F\000A\000C\000E}{}% 7
\BOOKMARK [0][-]{section*.8}{\376\377\000C\000O\000N\000T\000E\000N\000T\000S}{}% 8
\BOOKMARK [0][-]{section*.10}{\376\377\000L\000I\000S\000T\000\040\000O\000F\000\040\000T\000A\000B\000L\000E\000S}{}% 9
\BOOKMARK [0][-]{section*.12}{\376\377\000L\000I\000S\000T\000\040\000O\000F\000\040\000F\000I\000G\000U\000R\000E\000S}{}% 10
\BOOKMARK [0][-]{section*.14}{\376\377\000L\000I\000S\000T\000\040\000O\000F\000\040\000T\000E\000R\000M\000S}{}% 11
\BOOKMARK [0][-]{chapter.1}{\376\377\000I\000N\000T\000R\000O\000D\000U\000C\000T\000I\000O\000N}{}% 12
\BOOKMARK [1][-]{section.1.1}{\376\377\000R\000a\000t\000i\000o\000n\000a\000l\000e}{chapter.1}% 13
\BOOKMARK [1][-]{section.1.2}{\376\377\000T\000h\000e\000o\000r\000e\000t\000i\000c\000a\000l\000\040\000F\000r\000a\000m\000e\000w\000o\000r\000k}{chapter.1}% 14
\BOOKMARK [1][-]{section.1.3}{\376\377\000S\000t\000a\000t\000e\000m\000e\000n\000t\000\040\000o\000f\000\040\000t\000h\000e\000\040\000P\000r\000o\000b\000l\000e\000m}{chapter.1}% 15
\BOOKMARK [1][-]{section.1.4}{\376\377\000O\000b\000j\000e\000c\000t\000i\000v\000e\000\040\000a\000n\000d\000\040\000H\000y\000p\000o\000t\000h\000e\000s\000e\000s}{chapter.1}% 16
\BOOKMARK [1][-]{section.1.5}{\376\377\000C\000o\000n\000t\000r\000i\000b\000u\000t\000i\000o\000n}{chapter.1}% 17
\BOOKMARK [1][-]{section.1.6}{\376\377\000A\000s\000s\000u\000m\000p\000t\000i\000o\000n}{chapter.1}% 18
\BOOKMARK [0][-]{chapter.2}{\376\377\000R\000E\000V\000I\000E\000W\000\040\000O\000F\000\040\000L\000I\000T\000E\000R\000A\000T\000U\000R\000E\000\040\000A\000N\000D\000\040\000S\000T\000U\000D\000I\000E\000S}{}% 19
\BOOKMARK [1][-]{section.2.1}{\376\377\000R\000e\000l\000a\000t\000e\000d\000\040\000L\000i\000t\000e\000r\000a\000t\000u\000r\000e\000s}{chapter.2}% 20
\BOOKMARK [1][-]{section.2.2}{\376\377\000R\000e\000l\000a\000t\000e\000d\000\040\000S\000t\000u\000d\000i\000e\000s}{chapter.2}% 21
\BOOKMARK [2][-]{subsection.2.2.1}{\376\377\000D\000i\000g\000i\000t\000a\000l\000\040\000F\000o\000r\000e\000n\000s\000i\000c\000s}{section.2.2}% 22
\BOOKMARK [2][-]{subsection.2.2.2}{\376\377\000L\000o\000g\000\040\000M\000a\000n\000a\000g\000e\000m\000e\000n\000t}{section.2.2}% 23
\BOOKMARK [2][-]{subsection.2.2.3}{\376\377\000L\000e\000a\000r\000n\000i\000n\000g\000\040\000M\000a\000n\000a\000g\000e\000m\000e\000n\000t\000\040\000S\000y\000s\000t\000e\000m}{section.2.2}% 24
\BOOKMARK [0][-]{chapter.3}{\376\377\000R\000e\000s\000e\000a\000r\000c\000h\000\040\000M\000e\000t\000h\000o\000d\000o\000l\000o\000g\000y}{}% 25
\BOOKMARK [1][-]{section.3.1}{\376\377\000R\000e\000s\000e\000a\000r\000c\000h\000\040\000D\000e\000s\000i\000g\000n}{chapter.3}% 26
\BOOKMARK [2][-]{subsection.3.1.1}{\376\377\000S\000y\000s\000t\000e\000m\000\040\000I\000m\000p\000l\000e\000m\000e\000n\000t\000a\000t\000i\000o\000n}{section.3.1}% 27
\BOOKMARK [2][-]{subsection.3.1.2}{\376\377\0001\000.\0001\000\040\000D\000e\000f\000i\000n\000e\000\040\000t\000h\000e\000\040\000P\000r\000o\000b\000l\000e\000m\000\040\000S\000t\000a\000t\000e\000m\000e\000n\000t}{section.3.1}% 28
\BOOKMARK [2][-]{subsection.3.1.3}{\376\377\0001\000.\0002\000\040\000R\000e\000s\000e\000a\000r\000c\000h\000\040\000O\000b\000j\000e\000c\000t\000i\000v\000e\000s}{section.3.1}% 29
\BOOKMARK [2][-]{subsection.3.1.4}{\376\377\0001\000.\0003\000\040\000R\000e\000s\000e\000a\000r\000c\000h\000\040\000M\000e\000t\000h\000o\000d}{section.3.1}% 30
\BOOKMARK [2][-]{subsection.3.1.5}{\376\377\0002\000.\0001\000\040\000D\000e\000f\000i\000n\000e\000\040\000t\000h\000e\000\040\000R\000e\000s\000e\000a\000r\000c\000h\000\040\000A\000r\000e\000a}{section.3.1}% 31
\BOOKMARK [2][-]{subsection.3.1.6}{\376\377\0002\000.\0002\000\040\000F\000i\000n\000d\000\040\000t\000h\000e\000\040\000U\000p\000d\000a\000t\000e\000d\000\040\000L\000i\000t\000e\000r\000a\000t\000u\000r\000e}{section.3.1}% 32
\BOOKMARK [2][-]{subsection.3.1.7}{\376\377\0002\000.\0003\000\040\000K\000e\000e\000p\000\040\000T\000r\000a\000c\000k\000\040\000o\000f\000\040\000S\000e\000a\000r\000c\000h\000e\000s}{section.3.1}% 33
\BOOKMARK [2][-]{subsection.3.1.8}{\376\377\0002\000.\0004\000\040\000R\000e\000v\000i\000e\000w\000\040\000L\000i\000t\000e\000r\000a\000t\000u\000r\000e\000\040\000R\000e\000v\000i\000e\000w}{section.3.1}% 34
\BOOKMARK [2][-]{subsection.3.1.9}{\376\377\0003\000.\0001\000\040\000D\000e\000f\000i\000n\000e\000\040\000t\000h\000e\000\040\000A\000r\000c\000h\000i\000t\000e\000c\000t\000u\000r\000e\000\040\000a\000n\000d\000\040\000M\000o\000d\000u\000l\000e}{section.3.1}% 35
\BOOKMARK [2][-]{subsection.3.1.10}{\376\377\0003\000.\0002\000\040\000T\000o\000o\000l\000s\000\040\000a\000n\000d\000\040\000T\000e\000c\000h\000n\000i\000q\000u\000e}{section.3.1}% 36
\BOOKMARK [2][-]{subsection.3.1.11}{\376\377\0003\000.\0003\000\040\000B\000u\000i\000l\000d\000-\000E\000v\000a\000l\000u\000a\000t\000e\000\040\000I\000t\000e\000r\000a\000t\000i\000o\000n\000s}{section.3.1}% 37
\BOOKMARK [2][-]{subsection.3.1.12}{\376\377\0003\000.\0004\000\040\000E\000v\000i\000d\000e\000n\000c\000e\000\040\000S\000o\000u\000r\000c\000e}{section.3.1}% 38
\BOOKMARK [2][-]{subsection.3.1.13}{\376\377\0003\000.\0005\000\040\000I\000n\000t\000e\000g\000r\000a\000t\000e\000\040\000A\000d\000a\000p\000t\000a\000b\000i\000l\000i\000t\000y\000\040\000a\000n\000d\000\040\000M\000o\000d\000u\000l\000a\000r\000i\000t\000y}{section.3.1}% 39
\BOOKMARK [2][-]{subsection.3.1.14}{\376\377\0003\000.\0006\000\040\000V\000a\000l\000i\000d\000a\000t\000e\000\040\000S\000t\000r\000u\000c\000t\000u\000r\000e}{section.3.1}% 40
\BOOKMARK [2][-]{subsection.3.1.15}{\376\377\0004\000.\0001\000\040\000S\000e\000t\000u\000p\000\040\000S\000i\000m\000u\000l\000a\000t\000i\000o\000n\000\040\000E\000n\000v\000i\000r\000o\000n\000m\000e\000n\000t}{section.3.1}% 41
\BOOKMARK [2][-]{subsection.3.1.16}{\376\377\0004\000.\0002\000\040\000I\000m\000p\000l\000e\000m\000e\000n\000t\000\040\000F\000r\000a\000m\000e\000w\000o\000r\000k\000\040\000C\000o\000m\000p\000o\000n\000e\000n\000t\000s}{section.3.1}% 42
\BOOKMARK [2][-]{subsection.3.1.17}{\376\377\0004\000.\0003\000\040\000D\000o\000c\000u\000m\000e\000n\000t\000\040\000a\000n\000d\000\040\000I\000m\000p\000r\000o\000v\000e\000m\000e\000n\000t}{section.3.1}% 43
\BOOKMARK [2][-]{subsection.3.1.18}{\376\377\000L\000o\000g\000\040\000M\000a\000n\000a\000g\000e\000m\000e\000n\000t\000\040\000I\000m\000p\000l\000e\000m\000e\000n\000t\000a\000t\000i\000o\000n}{section.3.1}% 44
\BOOKMARK [2][-]{subsection.3.1.19}{\376\377\000L\000o\000g\000\040\000M\000a\000n\000a\000g\000e\000m\000e\000n\000t\000\040\000T\000e\000s\000t\000i\000n\000g\000\040\000P\000h\000a\000s\000e}{section.3.1}% 45
\BOOKMARK [0][-]{chapter.4}{\376\377\000P\000R\000E\000S\000E\000N\000T\000A\000T\000I\000O\000N\000,\000\040\000A\000N\000A\000L\000Y\000S\000I\000S\000\040\000A\000N\000D\000\040\000I\000N\000T\000E\000R\000P\000R\000E\000T\000A\000T\000I\000O\000N\000\040\000O\000F\000\040\000D\000A\000T\000A}{}% 46
\BOOKMARK [1][-]{section.4.1}{\376\377\000P\000h\000a\000s\000e\000\040\0001}{chapter.4}% 47
\BOOKMARK [2][-]{subsection.4.1.1}{\376\377\0001\000.\0001\000\040\000D\000e\000f\000i\000n\000e\000\040\000P\000r\000o\000b\000l\000e\000m\000\040\000S\000t\000a\000t\000e\000m\000e\000n\000t}{section.4.1}% 48
\BOOKMARK [2][-]{subsection.4.1.2}{\376\377\0001\000.\0002\000\040\000R\000e\000s\000e\000a\000r\000c\000h\000\040\000O\000b\000j\000e\000c\000t\000i\000v\000e\000s}{section.4.1}% 49
\BOOKMARK [2][-]{subsection.4.1.3}{\376\377\0001\000.\0003\000\040\000R\000e\000s\000e\000a\000r\000c\000h\000\040\000M\000e\000t\000h\000o\000d}{section.4.1}% 50
\BOOKMARK [1][-]{section.4.2}{\376\377\000P\000h\000a\000s\000e\000\040\0002}{chapter.4}% 51
\BOOKMARK [1][-]{section.4.3}{\376\377\000P\000h\000a\000s\000e\000\040\0003}{chapter.4}% 52
\BOOKMARK [2][-]{subsection.4.3.1}{\376\377\0003\000.\0001\000\040\000D\000e\000f\000i\000n\000e\000\040\000A\000r\000c\000h\000i\000t\000e\000c\000t\000u\000r\000e}{section.4.3}% 53
\BOOKMARK [2][-]{subsection.4.3.2}{\376\377\0003\000.\0002\000\040\000T\000o\000o\000l\000s\000\040\000a\000n\000d\000\040\000T\000e\000c\000h\000n\000i\000q\000u\000e}{section.4.3}% 54
\BOOKMARK [2][-]{subsection.4.3.3}{\376\377\0003\000.\0003\000\040\000B\000u\000i\000l\000d\000-\000E\000v\000a\000l\000u\000a\000t\000e\000\040\000I\000t\000e\000r\000a\000t\000i\000o\000n}{section.4.3}% 55
\BOOKMARK [2][-]{subsection.4.3.4}{\376\377\0003\000.\0004\000\040\000E\000v\000i\000d\000e\000n\000c\000e\000\040\000S\000o\000u\000r\000c\000e}{section.4.3}% 56
\BOOKMARK [2][-]{subsection.4.3.5}{\376\377\0003\000.\0005\000\040\000I\000n\000t\000e\000g\000r\000a\000t\000e\000\040\000A\000d\000a\000p\000t\000a\000b\000i\000l\000i\000t\000y\000\040\000a\000n\000d\000\040\000M\000o\000d\000u\000l\000a\000r\000i\000t\000y}{section.4.3}% 57
\BOOKMARK [2][-]{subsection.4.3.6}{\376\377\0003\000.\0006\000\040\000V\000a\000l\000i\000d\000a\000t\000e\000\040\000t\000h\000e\000\040\000S\000t\000r\000u\000c\000t\000u\000r\000e}{section.4.3}% 58
\BOOKMARK [1][-]{section.4.4}{\376\377\000P\000h\000a\000s\000e\000\040\0004}{chapter.4}% 59
\BOOKMARK [2][-]{subsection.4.4.1}{\376\377\0004\000.\0001\000\040\000S\000e\000t\000u\000p\000\040\000S\000i\000m\000u\000l\000a\000t\000i\000o\000n\000\040\000E\000n\000v\000i\000r\000o\000n\000m\000e\000n\000t}{section.4.4}% 60
\BOOKMARK [2][-]{subsection.4.4.2}{\376\377\0004\000.\0002\000\040\000I\000m\000p\000l\000e\000m\000e\000n\000t\000\040\000F\000r\000a\000m\000e\000w\000o\000r\000k\000\040\000C\000o\000m\000p\000o\000n\000e\000n\000t}{section.4.4}% 61
\BOOKMARK [2][-]{subsection.4.4.3}{\376\377\0004\000.\0003\000\040\000D\000o\000c\000u\000m\000e\000n\000t\000\040\000a\000n\000d\000\040\000I\000m\000p\000r\000o\000v\000m\000e\000n\000t}{section.4.4}% 62
\BOOKMARK [1][-]{section.4.5}{\376\377\000P\000h\000a\000s\000e\000\040\0005}{chapter.4}% 63
\BOOKMARK [2][-]{subsection.4.5.1}{\376\377\000V\000e\000r\000i\000f\000i\000c\000a\000t\000i\000o\000n}{section.4.5}% 64
\BOOKMARK [1][-]{section.4.6}{\376\377\000P\000h\000a\000s\000e\000\040\0006}{chapter.4}% 65
\BOOKMARK [2][-]{subsection.4.6.1}{\376\377\000V\000a\000l\000i\000d\000a\000t\000i\000o\000n}{section.4.6}% 66
\BOOKMARK [1][-]{section.4.7}{\376\377\000R\000e\000s\000u\000l\000t\000\040\000o\000f\000\040\000f\000r\000a\000m\000e\000w\000o\000r\000k\000\040\000l\000o\000g\000\040\000m\000a\000n\000a\000g\000e\000m\000e\000n\000t}{chapter.4}% 67
\BOOKMARK [1][-]{section.4.8}{\376\377\000S\000u\000m\000m\000a\000r\000y\000\040\000o\000f\000\040\000F\000i\000n\000d\000i\000n\000g\000s}{chapter.4}% 68
\BOOKMARK [0][-]{chapter.5}{\376\377\000C\000o\000n\000c\000l\000u\000s\000i\000o\000n\000\040\000a\000n\000d\000\040\000R\000e\000c\000o\000m\000m\000e\000n\000d\000a\000t\000i\000o\000n\000s}{}% 69
\BOOKMARK [1][-]{section.5.1}{\376\377\000C\000o\000n\000c\000l\000u\000s\000i\000o\000n}{chapter.5}% 70
\BOOKMARK [1][-]{section.5.2}{\376\377\000R\000e\000c\000o\000m\000m\000e\000n\000d\000a\000t\000i\000o\000n\000s}{chapter.5}% 71
\BOOKMARK [0][-]{section.5.2}{\376\377\000B\000I\000B\000L\000I\000O\000G\000R\000A\000P\000H\000Y}{}% 72
\BOOKMARK [0][-]{section*.80}{\376\377\000A\000p\000p\000e\000n\000d\000i\000c\000e\000s}{}% 73
\BOOKMARK [0][-]{appendix.A}{\376\377\000I\000n\000t\000e\000r\000v\000i\000e\000w\000\040\000S\000u\000m\000m\000a\000r\000y\000\040\000w\000i\000t\000h\000\040\000I\000T\000\040\000S\000t\000a\000f\000f}{}% 74
